0 verbose cli /usr/bin/node /usr/bin/npm
1 info using npm@9.1.2
2 info using node@v18.16.0
3 timing npm:load:whichnode Completed in 1ms
4 timing config:load:defaults Completed in 6ms
5 timing config:load:file:/usr/lib/node_modules/npm/npmrc Completed in 8ms
6 timing config:load:builtin Completed in 8ms
7 timing config:load:cli Completed in 1ms
8 timing config:load:env Completed in 0ms
9 timing config:load:file:/root/prem/.npmrc Completed in 0ms
10 timing config:load:project Completed in 1ms
11 timing config:load:file:/root/.npmrc Completed in 0ms
12 timing config:load:user Completed in 0ms
13 timing config:load:file:/etc/npmrc Completed in 0ms
14 timing config:load:global Completed in 1ms
15 timing config:load:setEnvs Completed in 1ms
16 timing config:load Completed in 19ms
17 timing npm:load:configload Completed in 19ms
18 timing npm:load:mkdirpcache Completed in 0ms
19 timing npm:load:mkdirplogs Completed in 1ms
20 verbose title npm config get prefix
21 verbose argv "config" "get" "prefix"
22 timing npm:load:setTitle Completed in 2ms
23 timing config:load:flatten Completed in 4ms
24 timing npm:load:display Completed in 5ms
25 verbose logfile logs-max:10 dir:/root/.npm/_logs/2023-05-29T23_41_01_016Z-
26 verbose logfile /root/.npm/_logs/2023-05-29T23_41_01_016Z-debug-0.log
27 timing npm:load:logFile Completed in 5ms
28 timing npm:load:timers Completed in 0ms
29 timing npm:load:configScope Completed in 1ms
30 timing npm:load Completed in 34ms
31 silly logfile start cleaning logs, removing 1 files
32 timing command:config Completed in 3ms
33 verbose exit 0
34 timing npm Completed in 72ms
35 info ok
