0 verbose cli /usr/bin/node /usr/bin/npm
1 info using npm@9.1.2
2 info using node@v18.16.0
3 timing npm:load:whichnode Completed in 0ms
4 timing config:load:defaults Completed in 30ms
5 timing config:load:file:/usr/lib/node_modules/npm/npmrc Completed in 3ms
6 timing config:load:builtin Completed in 5ms
7 timing config:load:cli Completed in 2ms
8 timing config:load:env Completed in 0ms
9 timing config:load:project Completed in 1ms
10 timing config:load:file:/root/.npmrc Completed in 0ms
11 timing config:load:user Completed in 1ms
12 timing config:load:file:/etc/npmrc Completed in 0ms
13 timing config:load:global Completed in 0ms
14 timing config:load:setEnvs Completed in 1ms
15 timing config:load Completed in 40ms
16 timing npm:load:configload Completed in 40ms
17 timing npm:load:mkdirpcache Completed in 0ms
18 timing npm:load:mkdirplogs Completed in 1ms
19 verbose title npm i nodemon
20 verbose argv "i" "--global" "nodemon"
21 timing npm:load:setTitle Completed in 1ms
22 timing config:load:flatten Completed in 4ms
23 timing npm:load:display Completed in 4ms
24 verbose logfile logs-max:10 dir:/root/.npm/_logs/2023-05-14T07_31_55_109Z-
25 verbose logfile /root/.npm/_logs/2023-05-14T07_31_55_109Z-debug-0.log
26 timing npm:load:logFile Completed in 5ms
27 timing npm:load:timers Completed in 1ms
28 timing npm:load:configScope Completed in 0ms
29 timing npm:load Completed in 53ms
30 timing config:load:flatten Completed in 1ms
31 timing arborist:ctor Completed in 1ms
32 silly logfile start cleaning logs, removing 1 files
33 silly logfile done cleaning log files
34 timing idealTree:init Completed in 7ms
35 timing idealTree:userRequests Completed in 4ms
36 silly idealTree buildDeps
37 silly fetch manifest nodemon@*
38 http fetch GET 200 https://registry.npmjs.org/nodemon 137ms (cache miss)
39 silly placeDep ROOT nodemon@2.0.22 OK for:  want: *
40 silly fetch manifest chokidar@^3.5.2
41 silly fetch manifest debug@^3.2.7
42 silly fetch manifest ignore-by-default@^1.0.1
43 silly fetch manifest minimatch@^3.1.2
44 silly fetch manifest pstree.remy@^1.1.8
45 silly fetch manifest semver@^5.7.1
46 silly fetch manifest simple-update-notifier@^1.0.7
47 silly fetch manifest supports-color@^5.5.0
48 silly fetch manifest touch@^3.1.0
49 silly fetch manifest undefsafe@^2.0.5
50 http fetch GET 200 https://registry.npmjs.org/chokidar 50ms (cache miss)
51 http fetch GET 200 https://registry.npmjs.org/ignore-by-default 92ms (cache miss)
52 http fetch GET 200 https://registry.npmjs.org/touch 88ms (cache miss)
53 http fetch GET 200 https://registry.npmjs.org/undefsafe 94ms (cache miss)
54 http fetch GET 200 https://registry.npmjs.org/semver 102ms (cache revalidated)
55 http fetch GET 200 https://registry.npmjs.org/pstree.remy 108ms (cache miss)
56 http fetch GET 200 https://registry.npmjs.org/simple-update-notifier 109ms (cache miss)
57 http fetch GET 200 https://registry.npmjs.org/debug 119ms (cache miss)
58 http fetch GET 200 https://registry.npmjs.org/supports-color 116ms (cache miss)
59 http fetch GET 200 https://registry.npmjs.org/minimatch 122ms (cache miss)
60 timing idealTree:#root Completed in 281ms
61 silly placeDep node_modules/nodemon chokidar@3.5.3 OK for: nodemon@2.0.22 want: ^3.5.2
62 silly placeDep node_modules/nodemon debug@3.2.7 OK for: nodemon@2.0.22 want: ^3.2.7
63 silly placeDep node_modules/nodemon ignore-by-default@1.0.1 OK for: nodemon@2.0.22 want: ^1.0.1
64 silly placeDep node_modules/nodemon minimatch@3.1.2 OK for: nodemon@2.0.22 want: ^3.1.2
65 silly placeDep node_modules/nodemon pstree.remy@1.1.8 OK for: nodemon@2.0.22 want: ^1.1.8
66 silly placeDep node_modules/nodemon semver@5.7.1 OK for: nodemon@2.0.22 want: ^5.7.1
67 silly placeDep node_modules/nodemon simple-update-notifier@1.1.0 OK for: nodemon@2.0.22 want: ^1.0.7
68 silly placeDep node_modules/nodemon supports-color@5.5.0 OK for: nodemon@2.0.22 want: ^5.5.0
69 silly placeDep node_modules/nodemon touch@3.1.0 OK for: nodemon@2.0.22 want: ^3.1.0
70 silly placeDep node_modules/nodemon undefsafe@2.0.5 OK for: nodemon@2.0.22 want: ^2.0.5
71 silly fetch manifest anymatch@~3.1.2
72 silly fetch manifest braces@~3.0.2
73 silly fetch manifest glob-parent@~5.1.2
74 silly fetch manifest is-binary-path@~2.1.0
75 silly fetch manifest is-glob@~4.0.1
76 silly fetch manifest normalize-path@~3.0.0
77 silly fetch manifest readdirp@~3.6.0
78 silly fetch manifest fsevents@~2.3.2
79 silly fetch manifest ms@^2.1.1
80 silly fetch manifest brace-expansion@^1.1.7
81 silly fetch manifest semver@~7.0.0
82 silly fetch manifest has-flag@^3.0.0
83 silly fetch manifest nopt@~1.0.10
84 http fetch GET 200 https://registry.npmjs.org/is-glob 111ms (cache revalidated)
85 http fetch GET 200 https://registry.npmjs.org/glob-parent 123ms (cache revalidated)
86 http fetch GET 200 https://registry.npmjs.org/braces 125ms (cache revalidated)
87 http fetch GET 200 https://registry.npmjs.org/anymatch 128ms (cache miss)
88 http fetch GET 200 https://registry.npmjs.org/has-flag 116ms (cache miss)
89 http fetch GET 200 https://registry.npmjs.org/normalize-path 121ms (cache miss)
90 http fetch GET 200 https://registry.npmjs.org/is-binary-path 123ms (cache miss)
91 http fetch GET 200 https://registry.npmjs.org/ms 123ms (cache revalidated)
92 http fetch GET 200 https://registry.npmjs.org/brace-expansion 124ms (cache miss)
93 http fetch GET 200 https://registry.npmjs.org/readdirp 126ms (cache miss)
94 http fetch GET 200 https://registry.npmjs.org/nopt 123ms (cache miss)
95 http fetch GET 200 https://registry.npmjs.org/fsevents 129ms (cache miss)
96 timing idealTree:node_modules/nodemon Completed in 171ms
97 silly placeDep node_modules/nodemon anymatch@3.1.3 OK for: chokidar@3.5.3 want: ~3.1.2
98 silly placeDep node_modules/nodemon braces@3.0.2 OK for: chokidar@3.5.3 want: ~3.0.2
99 silly placeDep node_modules/nodemon fsevents@2.3.2 OK for: chokidar@3.5.3 want: ~2.3.2
100 silly placeDep node_modules/nodemon glob-parent@5.1.2 OK for: chokidar@3.5.3 want: ~5.1.2
101 silly placeDep node_modules/nodemon is-binary-path@2.1.0 OK for: chokidar@3.5.3 want: ~2.1.0
102 silly placeDep node_modules/nodemon is-glob@4.0.3 OK for: chokidar@3.5.3 want: ~4.0.1
103 silly placeDep node_modules/nodemon normalize-path@3.0.0 OK for: chokidar@3.5.3 want: ~3.0.0
104 silly placeDep node_modules/nodemon readdirp@3.6.0 OK for: chokidar@3.5.3 want: ~3.6.0
105 silly fetch manifest picomatch@^2.0.4
106 silly fetch manifest fill-range@^7.0.1
107 silly fetch manifest binary-extensions@^2.0.0
108 silly fetch manifest is-extglob@^2.1.1
109 silly fetch manifest picomatch@^2.2.1
110 http fetch GET 200 https://registry.npmjs.org/binary-extensions 27ms (cache miss)
111 http fetch GET 200 https://registry.npmjs.org/picomatch 41ms (cache revalidated)
112 http fetch GET 200 https://registry.npmjs.org/fill-range 41ms (cache revalidated)
113 http fetch GET 200 https://registry.npmjs.org/is-extglob 41ms (cache revalidated)
114 http fetch GET 200 https://registry.npmjs.org/picomatch 41ms (cache revalidated)
115 timing idealTree:node_modules/nodemon/node_modules/chokidar Completed in 63ms
116 silly placeDep node_modules/nodemon picomatch@2.3.1 OK for: anymatch@3.1.3 want: ^2.0.4
117 timing idealTree:node_modules/nodemon/node_modules/anymatch Completed in 2ms
118 silly placeDep node_modules/nodemon fill-range@7.0.1 OK for: braces@3.0.2 want: ^7.0.1
119 silly fetch manifest to-regex-range@^5.0.1
120 http fetch GET 200 https://registry.npmjs.org/to-regex-range 34ms (cache revalidated)
121 timing idealTree:node_modules/nodemon/node_modules/braces Completed in 37ms
122 silly placeDep node_modules/nodemon ms@2.1.3 OK for: debug@3.2.7 want: ^2.1.1
123 timing idealTree:node_modules/nodemon/node_modules/debug Completed in 2ms
124 silly placeDep node_modules/nodemon to-regex-range@5.0.1 OK for: fill-range@7.0.1 want: ^5.0.1
125 silly fetch manifest is-number@^7.0.0
126 http fetch GET 200 https://registry.npmjs.org/is-number 24ms (cache revalidated)
127 timing idealTree:node_modules/nodemon/node_modules/fill-range Completed in 29ms
128 timing idealTree:node_modules/nodemon/node_modules/fsevents Completed in 0ms
129 timing idealTree:node_modules/nodemon/node_modules/glob-parent Completed in 0ms
130 timing idealTree:node_modules/nodemon/node_modules/ignore-by-default Completed in 0ms
131 silly placeDep node_modules/nodemon binary-extensions@2.2.0 OK for: is-binary-path@2.1.0 want: ^2.0.0
132 timing idealTree:node_modules/nodemon/node_modules/is-binary-path Completed in 1ms
133 timing idealTree:node_modules/nodemon/node_modules/binary-extensions Completed in 0ms
134 silly placeDep node_modules/nodemon is-extglob@2.1.1 OK for: is-glob@4.0.3 want: ^2.1.1
135 timing idealTree:node_modules/nodemon/node_modules/is-glob Completed in 1ms
136 timing idealTree:node_modules/nodemon/node_modules/is-extglob Completed in 0ms
137 silly placeDep node_modules/nodemon brace-expansion@1.1.11 OK for: minimatch@3.1.2 want: ^1.1.7
138 silly fetch manifest balanced-match@^1.0.0
139 silly fetch manifest concat-map@0.0.1
140 http fetch GET 200 https://registry.npmjs.org/concat-map 34ms (cache miss)
141 http fetch GET 200 https://registry.npmjs.org/balanced-match 37ms (cache miss)
142 timing idealTree:node_modules/nodemon/node_modules/minimatch Completed in 40ms
143 silly placeDep node_modules/nodemon balanced-match@1.0.2 OK for: brace-expansion@1.1.11 want: ^1.0.0
144 silly placeDep node_modules/nodemon concat-map@0.0.1 OK for: brace-expansion@1.1.11 want: 0.0.1
145 timing idealTree:node_modules/nodemon/node_modules/brace-expansion Completed in 3ms
146 timing idealTree:node_modules/nodemon/node_modules/balanced-match Completed in 0ms
147 timing idealTree:node_modules/nodemon/node_modules/concat-map Completed in 0ms
148 timing idealTree:node_modules/nodemon/node_modules/ms Completed in 0ms
149 timing idealTree:node_modules/nodemon/node_modules/normalize-path Completed in 0ms
150 timing idealTree:node_modules/nodemon/node_modules/picomatch Completed in 0ms
151 timing idealTree:node_modules/nodemon/node_modules/pstree.remy Completed in 0ms
152 timing idealTree:node_modules/nodemon/node_modules/readdirp Completed in 0ms
153 timing idealTree:node_modules/nodemon/node_modules/semver Completed in 0ms
154 silly placeDep node_modules/nodemon/node_modules/simple-update-notifier semver@7.0.0 OK for: simple-update-notifier@1.1.0 want: ~7.0.0
155 timing idealTree:node_modules/nodemon/node_modules/simple-update-notifier Completed in 17ms
156 silly placeDep node_modules/nodemon has-flag@3.0.0 OK for: supports-color@5.5.0 want: ^3.0.0
157 timing idealTree:node_modules/nodemon/node_modules/supports-color Completed in 1ms
158 timing idealTree:node_modules/nodemon/node_modules/has-flag Completed in 0ms
159 silly placeDep node_modules/nodemon is-number@7.0.0 OK for: to-regex-range@5.0.1 want: ^7.0.0
160 timing idealTree:node_modules/nodemon/node_modules/to-regex-range Completed in 1ms
161 timing idealTree:node_modules/nodemon/node_modules/is-number Completed in 0ms
162 silly placeDep node_modules/nodemon nopt@1.0.10 OK for: touch@3.1.0 want: ~1.0.10
163 silly fetch manifest abbrev@1
164 http fetch GET 200 https://registry.npmjs.org/abbrev 26ms (cache miss)
165 timing idealTree:node_modules/nodemon/node_modules/touch Completed in 30ms
166 silly placeDep node_modules/nodemon abbrev@1.1.1 OK for: nopt@1.0.10 want: 1
167 timing idealTree:node_modules/nodemon/node_modules/nopt Completed in 1ms
168 timing idealTree:node_modules/nodemon/node_modules/abbrev Completed in 0ms
169 timing idealTree:node_modules/nodemon/node_modules/undefsafe Completed in 0ms
170 timing idealTree:node_modules/nodemon/node_modules/simple-update-notifier/node_modules/semver Completed in 0ms
171 timing idealTree:buildDeps Completed in 684ms
172 timing idealTree:fixDepFlags Completed in 1ms
173 timing idealTree Completed in 699ms
174 timing reify:loadTrees Completed in 701ms
175 timing reify:diffTrees Completed in 2ms
176 silly reify moves {}
177 timing reify:retireShallow Completed in 1ms
178 timing reify:createSparse Completed in 7ms
179 timing reify:loadBundles Completed in 0ms
180 verbose reify failed optional dependency /usr/local/lib/node_modules/nodemon/node_modules/fsevents
181 silly reify mark deleted [ '/usr/local/lib/node_modules/nodemon/node_modules/fsevents' ]
182 timing reifyNode:node_modules/nodemon/node_modules/fsevents Completed in 5ms
183 silly tarball no local data for nodemon@https://registry.npmjs.org/nodemon/-/nodemon-2.0.22.tgz. Extracting by manifest.
184 silly tarball no local data for nopt@https://registry.npmjs.org/nopt/-/nopt-1.0.10.tgz. Extracting by manifest.
185 silly tarball no local data for abbrev@https://registry.npmjs.org/abbrev/-/abbrev-1.1.1.tgz. Extracting by manifest.
186 silly tarball no local data for has-flag@https://registry.npmjs.org/has-flag/-/has-flag-3.0.0.tgz. Extracting by manifest.
187 silly tarball no local data for concat-map@https://registry.npmjs.org/concat-map/-/concat-map-0.0.1.tgz. Extracting by manifest.
188 silly tarball no local data for balanced-match@https://registry.npmjs.org/balanced-match/-/balanced-match-1.0.2.tgz. Extracting by manifest.
189 silly tarball no local data for brace-expansion@https://registry.npmjs.org/brace-expansion/-/brace-expansion-1.1.11.tgz. Extracting by manifest.
190 silly tarball no local data for binary-extensions@https://registry.npmjs.org/binary-extensions/-/binary-extensions-2.2.0.tgz. Extracting by manifest.
191 silly tarball no local data for normalize-path@https://registry.npmjs.org/normalize-path/-/normalize-path-3.0.0.tgz. Extracting by manifest.
192 silly tarball no local data for readdirp@https://registry.npmjs.org/readdirp/-/readdirp-3.6.0.tgz. Extracting by manifest.
193 silly tarball no local data for is-binary-path@https://registry.npmjs.org/is-binary-path/-/is-binary-path-2.1.0.tgz. Extracting by manifest.
194 silly tarball no local data for undefsafe@https://registry.npmjs.org/undefsafe/-/undefsafe-2.0.5.tgz. Extracting by manifest.
195 silly tarball no local data for anymatch@https://registry.npmjs.org/anymatch/-/anymatch-3.1.3.tgz. Extracting by manifest.
196 silly tarball no local data for supports-color@https://registry.npmjs.org/supports-color/-/supports-color-5.5.0.tgz. Extracting by manifest.
197 silly tarball no local data for touch@https://registry.npmjs.org/touch/-/touch-3.1.0.tgz. Extracting by manifest.
198 silly tarball no local data for simple-update-notifier@https://registry.npmjs.org/simple-update-notifier/-/simple-update-notifier-1.1.0.tgz. Extracting by manifest.
199 silly tarball no local data for semver@https://registry.npmjs.org/semver/-/semver-7.0.0.tgz. Extracting by manifest.
200 silly tarball no local data for semver@https://registry.npmjs.org/semver/-/semver-5.7.1.tgz. Extracting by manifest.
201 silly tarball no local data for minimatch@https://registry.npmjs.org/minimatch/-/minimatch-3.1.2.tgz. Extracting by manifest.
202 silly tarball no local data for debug@https://registry.npmjs.org/debug/-/debug-3.2.7.tgz. Extracting by manifest.
203 silly tarball no local data for pstree.remy@https://registry.npmjs.org/pstree.remy/-/pstree.remy-1.1.8.tgz. Extracting by manifest.
204 silly tarball no local data for chokidar@https://registry.npmjs.org/chokidar/-/chokidar-3.5.3.tgz. Extracting by manifest.
205 silly tarball no local data for ignore-by-default@https://registry.npmjs.org/ignore-by-default/-/ignore-by-default-1.0.1.tgz. Extracting by manifest.
206 timing reifyNode:node_modules/nodemon/node_modules/is-number Completed in 336ms
207 timing reifyNode:node_modules/nodemon/node_modules/ms Completed in 336ms
208 timing reifyNode:node_modules/nodemon/node_modules/is-extglob Completed in 343ms
209 timing reifyNode:node_modules/nodemon/node_modules/to-regex-range Completed in 343ms
210 timing reifyNode:node_modules/nodemon/node_modules/fill-range Completed in 343ms
211 timing reifyNode:node_modules/nodemon/node_modules/glob-parent Completed in 342ms
212 timing reifyNode:node_modules/nodemon/node_modules/is-glob Completed in 342ms
213 http fetch GET 200 https://registry.npmjs.org/abbrev/-/abbrev-1.1.1.tgz 321ms (cache miss)
214 timing reifyNode:node_modules/nodemon/node_modules/abbrev Completed in 356ms
215 http fetch GET 200 https://registry.npmjs.org/normalize-path/-/normalize-path-3.0.0.tgz 309ms (cache miss)
216 timing reifyNode:node_modules/nodemon/node_modules/normalize-path Completed in 356ms
217 http fetch GET 200 https://registry.npmjs.org/undefsafe/-/undefsafe-2.0.5.tgz 319ms (cache miss)
218 http fetch GET 200 https://registry.npmjs.org/concat-map/-/concat-map-0.0.1.tgz 335ms (cache miss)
219 timing reifyNode:node_modules/nodemon/node_modules/concat-map Completed in 374ms
220 http fetch GET 200 https://registry.npmjs.org/readdirp/-/readdirp-3.6.0.tgz 326ms (cache miss)
221 timing reifyNode:node_modules/nodemon/node_modules/readdirp Completed in 374ms
222 http fetch GET 200 https://registry.npmjs.org/binary-extensions/-/binary-extensions-2.2.0.tgz 332ms (cache miss)
223 timing reifyNode:node_modules/nodemon/node_modules/binary-extensions Completed in 374ms
224 http fetch GET 200 https://registry.npmjs.org/is-binary-path/-/is-binary-path-2.1.0.tgz 325ms (cache miss)
225 timing reifyNode:node_modules/nodemon/node_modules/is-binary-path Completed in 376ms
226 http fetch GET 200 https://registry.npmjs.org/balanced-match/-/balanced-match-1.0.2.tgz 341ms (cache miss)
227 timing reifyNode:node_modules/nodemon/node_modules/balanced-match Completed in 381ms
228 http fetch GET 200 https://registry.npmjs.org/brace-expansion/-/brace-expansion-1.1.11.tgz 343ms (cache miss)
229 timing reifyNode:node_modules/nodemon/node_modules/brace-expansion Completed in 384ms
230 http fetch GET 200 https://registry.npmjs.org/has-flag/-/has-flag-3.0.0.tgz 349ms (cache miss)
231 timing reifyNode:node_modules/nodemon/node_modules/has-flag Completed in 384ms
232 timing reifyNode:node_modules/nodemon/node_modules/undefsafe Completed in 383ms
233 http fetch GET 200 https://registry.npmjs.org/ignore-by-default/-/ignore-by-default-1.0.1.tgz 273ms (cache miss)
234 timing reifyNode:node_modules/nodemon/node_modules/ignore-by-default Completed in 384ms
235 http fetch GET 200 https://registry.npmjs.org/debug/-/debug-3.2.7.tgz 296ms (cache miss)
236 timing reifyNode:node_modules/nodemon/node_modules/braces Completed in 389ms
237 http fetch GET 200 https://registry.npmjs.org/anymatch/-/anymatch-3.1.3.tgz 339ms (cache miss)
238 timing reifyNode:node_modules/nodemon/node_modules/anymatch Completed in 390ms
239 timing reifyNode:node_modules/nodemon/node_modules/picomatch Completed in 393ms
240 timing reifyNode:node_modules/nodemon/node_modules/debug Completed in 393ms
241 http fetch GET 200 https://registry.npmjs.org/touch/-/touch-3.1.0.tgz 336ms (cache miss)
242 timing reifyNode:node_modules/nodemon/node_modules/touch Completed in 394ms
243 http fetch GET 200 https://registry.npmjs.org/pstree.remy/-/pstree.remy-1.1.8.tgz 301ms (cache miss)
244 http fetch GET 200 https://registry.npmjs.org/supports-color/-/supports-color-5.5.0.tgz 340ms (cache miss)
245 timing reifyNode:node_modules/nodemon/node_modules/supports-color Completed in 395ms
246 http fetch GET 200 https://registry.npmjs.org/minimatch/-/minimatch-3.1.2.tgz 305ms (cache miss)
247 timing reifyNode:node_modules/nodemon/node_modules/minimatch Completed in 396ms
248 http fetch GET 200 https://registry.npmjs.org/simple-update-notifier/-/simple-update-notifier-1.1.0.tgz 338ms (cache miss)
249 timing reifyNode:node_modules/nodemon/node_modules/pstree.remy Completed in 398ms
250 timing reifyNode:node_modules/nodemon/node_modules/simple-update-notifier Completed in 399ms
251 http fetch GET 200 https://registry.npmjs.org/semver/-/semver-5.7.1.tgz 310ms (cache miss)
252 timing reifyNode:node_modules/nodemon/node_modules/semver Completed in 399ms
253 http fetch GET 200 https://registry.npmjs.org/nopt/-/nopt-1.0.10.tgz 369ms (cache miss)
254 timing reifyNode:node_modules/nodemon/node_modules/nopt Completed in 402ms
255 http fetch GET 200 https://registry.npmjs.org/chokidar/-/chokidar-3.5.3.tgz 315ms (cache miss)
256 timing reifyNode:node_modules/nodemon/node_modules/chokidar Completed in 410ms
257 http fetch GET 200 https://registry.npmjs.org/semver/-/semver-7.0.0.tgz 365ms (cache miss)
258 timing reifyNode:node_modules/nodemon/node_modules/simple-update-notifier/node_modules/semver Completed in 426ms
259 http fetch GET 200 https://registry.npmjs.org/nodemon/-/nodemon-2.0.22.tgz 402ms (cache miss)
260 timing reifyNode:node_modules/nodemon Completed in 435ms
261 timing reify:unpack Completed in 435ms
262 timing reify:unretire Completed in 0ms
263 timing build:queue Completed in 2ms
264 timing build:link:node_modules/nodemon/node_modules/nopt Completed in 3ms
265 timing build:link:node_modules/nodemon/node_modules/simple-update-notifier/node_modules/semver Completed in 2ms
266 timing build:link:node_modules/nodemon Completed in 3ms
267 timing build:link:node_modules/nodemon/node_modules/semver Completed in 3ms
268 timing build:link:node_modules/nodemon/node_modules/touch Completed in 2ms
269 timing build:link Completed in 3ms
270 timing build:deps Completed in 6ms
271 timing build Completed in 6ms
272 timing reify:build Completed in 7ms
273 timing reify:trash Completed in 1ms
274 timing reify Completed in 1164ms
275 silly ADD node_modules/nodemon
276 silly ADD node_modules/nodemon/node_modules/abbrev
277 silly ADD node_modules/nodemon/node_modules/nopt
278 silly ADD node_modules/nodemon/node_modules/is-number
279 silly ADD node_modules/nodemon/node_modules/has-flag
280 silly ADD node_modules/nodemon/node_modules/concat-map
281 silly ADD node_modules/nodemon/node_modules/balanced-match
282 silly ADD node_modules/nodemon/node_modules/brace-expansion
283 silly ADD node_modules/nodemon/node_modules/is-extglob
284 silly ADD node_modules/nodemon/node_modules/binary-extensions
285 silly ADD node_modules/nodemon/node_modules/to-regex-range
286 silly ADD node_modules/nodemon/node_modules/ms
287 silly ADD node_modules/nodemon/node_modules/fill-range
288 silly ADD node_modules/nodemon/node_modules/picomatch
289 silly ADD node_modules/nodemon/node_modules/readdirp
290 silly ADD node_modules/nodemon/node_modules/normalize-path
291 silly ADD node_modules/nodemon/node_modules/is-glob
292 silly ADD node_modules/nodemon/node_modules/is-binary-path
293 silly ADD node_modules/nodemon/node_modules/glob-parent
294 silly ADD
295 silly ADD node_modules/nodemon/node_modules/braces
296 silly ADD node_modules/nodemon/node_modules/anymatch
297 silly ADD node_modules/nodemon/node_modules/undefsafe
298 silly ADD node_modules/nodemon/node_modules/touch
299 silly ADD node_modules/nodemon/node_modules/supports-color
300 silly ADD node_modules/nodemon/node_modules/simple-update-notifier
301 silly ADD node_modules/nodemon/node_modules/simple-update-notifier/node_modules/semver
302 silly ADD node_modules/nodemon/node_modules/semver
303 silly ADD node_modules/nodemon/node_modules/pstree.remy
304 silly ADD node_modules/nodemon/node_modules/minimatch
305 silly ADD node_modules/nodemon/node_modules/ignore-by-default
306 silly ADD node_modules/nodemon/node_modules/debug
307 silly ADD node_modules/nodemon/node_modules/chokidar
308 timing command:i Completed in 1173ms
309 verbose exit 0
310 timing npm Completed in 1243ms
311 info ok
