0 verbose cli /usr/bin/node /usr/bin/npm
1 info using npm@9.1.2
2 info using node@v18.16.0
3 timing npm:load:whichnode Completed in 0ms
4 timing config:load:defaults Completed in 25ms
5 timing config:load:file:/usr/lib/node_modules/npm/npmrc Completed in 7ms
6 timing config:load:builtin Completed in 7ms
7 timing config:load:cli Completed in 3ms
8 timing config:load:env Completed in 0ms
9 warn config global-style This option has been deprecated in favor of `--install-strategy=shallow`
10 timing config:load:file:/root/.local/share/nvim/mason/.packages/vim-language-server/.npmrc Completed in 0ms
11 timing config:load:project Completed in 2ms
12 timing config:load:file:/root/.npmrc Completed in 0ms
13 timing config:load:user Completed in 0ms
14 timing config:load:file:/etc/npmrc Completed in 0ms
15 timing config:load:global Completed in 0ms
16 timing config:load:setEnvs Completed in 1ms
17 timing config:load Completed in 40ms
18 timing npm:load:configload Completed in 40ms
19 timing npm:load:mkdirpcache Completed in 0ms
20 timing npm:load:mkdirplogs Completed in 0ms
21 verbose title npm init
22 verbose argv "init" "--yes" "--scope" "mason"
23 timing npm:load:setTitle Completed in 1ms
24 timing config:load:flatten Completed in 4ms
25 timing npm:load:display Completed in 7ms
26 verbose logfile logs-max:10 dir:/root/.npm/_logs/2023-05-27T13_24_31_699Z-
27 verbose logfile /root/.npm/_logs/2023-05-27T13_24_31_699Z-debug-0.log
28 timing npm:load:logFile Completed in 6ms
29 timing npm:load:timers Completed in 0ms
30 timing npm:load:configScope Completed in 1ms
31 timing npm:load Completed in 56ms
32 silly logfile start cleaning logs, removing 1 files
33 timing config:load:flatten Completed in 0ms
34 silly logfile done cleaning log files
35 silly package data {
35 silly package data   name: '@mason/vim-language-server',
35 silly package data   version: '1.0.0',
35 silly package data   description: '',
35 silly package data   main: 'index.js',
35 silly package data   scripts: { test: 'echo "Error: no test specified" && exit 1' },
35 silly package data   keywords: [],
35 silly package data   author: '',
35 silly package data   license: 'ISC'
35 silly package data }
36 info init written successfully
37 timing command:init Completed in 19ms
38 verbose exit 0
39 timing npm Completed in 110ms
40 info ok
