0 verbose cli /usr/bin/node /usr/bin/npm
1 info using npm@9.1.2
2 info using node@v18.16.0
3 timing npm:load:whichnode Completed in 0ms
4 timing config:load:defaults Completed in 25ms
5 timing config:load:file:/usr/lib/node_modules/npm/npmrc Completed in 2ms
6 timing config:load:builtin Completed in 2ms
7 timing config:load:cli Completed in 2ms
8 timing config:load:env Completed in 1ms
9 warn config global-style This option has been deprecated in favor of `--install-strategy=shallow`
10 timing config:load:file:/root/.local/share/nvim/mason/.packages/vim-language-server/.npmrc Completed in 0ms
11 timing config:load:project Completed in 1ms
12 timing config:load:file:/root/.npmrc Completed in 1ms
13 timing config:load:user Completed in 1ms
14 timing config:load:file:/etc/npmrc Completed in 0ms
15 timing config:load:global Completed in 0ms
16 timing config:load:setEnvs Completed in 1ms
17 timing config:load Completed in 33ms
18 timing npm:load:configload Completed in 33ms
19 timing npm:load:mkdirpcache Completed in 0ms
20 timing npm:load:mkdirplogs Completed in 0ms
21 verbose title npm install vim-language-server
22 verbose argv "install" "vim-language-server"
23 timing npm:load:setTitle Completed in 1ms
24 timing config:load:flatten Completed in 3ms
25 timing npm:load:display Completed in 5ms
26 verbose logfile logs-max:10 dir:/root/.npm/_logs/2023-05-27T13_24_32_241Z-
27 verbose logfile /root/.npm/_logs/2023-05-27T13_24_32_241Z-debug-0.log
28 timing npm:load:logFile Completed in 4ms
29 timing npm:load:timers Completed in 0ms
30 timing npm:load:configScope Completed in 0ms
31 timing npm:load Completed in 44ms
32 silly logfile start cleaning logs, removing 1 files
33 timing config:load:flatten Completed in 0ms
34 timing arborist:ctor Completed in 1ms
35 silly logfile done cleaning log files
36 timing arborist:ctor Completed in 0ms
37 timing idealTree:init Completed in 14ms
38 timing idealTree:userRequests Completed in 4ms
39 silly idealTree buildDeps
40 silly fetch manifest vim-language-server@*
41 http fetch GET 200 https://registry.npmjs.org/vim-language-server 1001ms (cache miss)
42 silly placeDep ROOT vim-language-server@2.3.0 OK for: @mason/vim-language-server@1.0.0 want: *
43 timing idealTree:#root Completed in 1011ms
44 timing idealTree:node_modules/vim-language-server Completed in 0ms
45 timing idealTree:buildDeps Completed in 1012ms
46 timing idealTree:fixDepFlags Completed in 0ms
47 timing idealTree Completed in 1031ms
48 timing reify:loadTrees Completed in 1032ms
49 timing reify:diffTrees Completed in 0ms
50 silly reify moves {}
51 timing reify:retireShallow Completed in 1ms
52 timing reify:createSparse Completed in 1ms
53 timing reify:loadBundles Completed in 0ms
54 silly audit bulk request { 'vim-language-server': [ '2.3.0' ] }
55 silly tarball no local data for vim-language-server@https://registry.npmjs.org/vim-language-server/-/vim-language-server-2.3.0.tgz. Extracting by manifest.
56 http fetch POST 200 https://registry.npmjs.org/-/npm/v1/security/advisories/bulk 264ms
57 timing auditReport:getReport Completed in 265ms
58 silly audit report {}
59 timing auditReport:init Completed in 0ms
60 timing reify:audit Completed in 266ms
61 http fetch GET 200 https://registry.npmjs.org/vim-language-server/-/vim-language-server-2.3.0.tgz 2051ms (cache miss)
62 timing reifyNode:node_modules/vim-language-server Completed in 2061ms
63 timing reify:unpack Completed in 2061ms
64 timing reify:unretire Completed in 0ms
65 timing build:queue Completed in 1ms
66 timing build:link:node_modules/vim-language-server Completed in 3ms
67 timing build:link Completed in 3ms
68 timing build:deps Completed in 4ms
69 timing build Completed in 4ms
70 timing reify:build Completed in 5ms
71 timing reify:trash Completed in 0ms
72 timing reify:save Completed in 8ms
73 timing reify Completed in 3121ms
74 silly ADD node_modules/vim-language-server
75 timing command:install Completed in 3128ms
76 verbose exit 0
77 timing npm Completed in 3189ms
78 info ok
